/Volumes/Data/Python/Hands-On-Guide-To-Modern-AI/.venv/lib/python3.14/site-packages/langchain_core/_api/deprecation.py:26: UserWarning: Core Pydantic V1 functionality isn't compatible with Python 3.14 or greater.
  from pydantic.v1.fields import FieldInfo as FieldInfoV1
Both GOOGLE_API_KEY and GEMINI_API_KEY are set. Using GOOGLE_API_KEY.
Traceback (most recent call last):
  File "/Volumes/Data/Python/Hands-On-Guide-To-Modern-AI/.venv/lib/python3.14/site-packages/langchain_google_genai/embeddings.py", line 432, in embed_documents
    result = self.client.models.embed_content(
        model=self.model,
        contents=batch,
        config=config,
    )
  File "/Volumes/Data/Python/Hands-On-Guide-To-Modern-AI/.venv/lib/python3.14/site-packages/google/genai/models.py", line 4191, in embed_content
    response = self._api_client.request(
        'post', path, request_dict, http_options
    )
  File "/Volumes/Data/Python/Hands-On-Guide-To-Modern-AI/.venv/lib/python3.14/site-packages/google/genai/_api_client.py", line 1386, in request
    response = self._request(http_request, http_options, stream=False)
  File "/Volumes/Data/Python/Hands-On-Guide-To-Modern-AI/.venv/lib/python3.14/site-packages/google/genai/_api_client.py", line 1222, in _request
    return self._retry(self._request_once, http_request, stream)  # type: ignore[no-any-return]
           ~~~~~~~~~~~^^^^^^^^^^^^^^^^^^^^^^^^^^^^^^^^^^^^^^^^^^
  File "/Volumes/Data/Python/Hands-On-Guide-To-Modern-AI/.venv/lib/python3.14/site-packages/tenacity/__init__.py", line 477, in __call__
    do = self.iter(retry_state=retry_state)
  File "/Volumes/Data/Python/Hands-On-Guide-To-Modern-AI/.venv/lib/python3.14/site-packages/tenacity/__init__.py", line 378, in iter
    result = action(retry_state)
  File "/Volumes/Data/Python/Hands-On-Guide-To-Modern-AI/.venv/lib/python3.14/site-packages/tenacity/__init__.py", line 420, in exc_check
    raise retry_exc.reraise()
          ~~~~~~~~~~~~~~~~~^^
  File "/Volumes/Data/Python/Hands-On-Guide-To-Modern-AI/.venv/lib/python3.14/site-packages/tenacity/__init__.py", line 187, in reraise
    raise self.last_attempt.result()
          ~~~~~~~~~~~~~~~~~~~~~~~~^^
  File "/Library/Frameworks/Python.framework/Versions/3.14/lib/python3.14/concurrent/futures/_base.py", line 443, in result
    return self.__get_result()
           ~~~~~~~~~~~~~~~~~^^
  File "/Library/Frameworks/Python.framework/Versions/3.14/lib/python3.14/concurrent/futures/_base.py", line 395, in __get_result
    raise self._exception
  File "/Volumes/Data/Python/Hands-On-Guide-To-Modern-AI/.venv/lib/python3.14/site-packages/tenacity/__init__.py", line 480, in __call__
    result = fn(*args, **kwargs)
  File "/Volumes/Data/Python/Hands-On-Guide-To-Modern-AI/.venv/lib/python3.14/site-packages/google/genai/_api_client.py", line 1199, in _request_once
    errors.APIError.raise_for_response(response)
    ~~~~~~~~~~~~~~~~~~~~~~~~~~~~~~~~~~^^^^^^^^^^
  File "/Volumes/Data/Python/Hands-On-Guide-To-Modern-AI/.venv/lib/python3.14/site-packages/google/genai/errors.py", line 121, in raise_for_response
    cls.raise_error(response.status_code, response_json, response)
    ~~~~~~~~~~~~~~~^^^^^^^^^^^^^^^^^^^^^^^^^^^^^^^^^^^^^^^^^^^^^^^
  File "/Volumes/Data/Python/Hands-On-Guide-To-Modern-AI/.venv/lib/python3.14/site-packages/google/genai/errors.py", line 146, in raise_error
    raise ClientError(status_code, response_json, response)
google.genai.errors.ClientError: 429 RESOURCE_EXHAUSTED. {'error': {'code': 429, 'message': 'You exceeded your current quota, please check your plan and billing details. For more information on this error, head to: https://ai.google.dev/gemini-api/docs/rate-limits. To monitor your current usage, head to: https://ai.dev/rate-limit. \n* Quota exceeded for metric: generativelanguage.googleapis.com/embed_content_free_tier_requests, limit: 100, model: gemini-embedding-1.0\nPlease retry in 50.771578497s.', 'status': 'RESOURCE_EXHAUSTED', 'details': [{'@type': 'type.googleapis.com/google.rpc.Help', 'links': [{'description': 'Learn more about Gemini API quotas', 'url': 'https://ai.google.dev/gemini-api/docs/rate-limits'}]}, {'@type': 'type.googleapis.com/google.rpc.QuotaFailure', 'violations': [{'quotaMetric': 'generativelanguage.googleapis.com/embed_content_free_tier_requests', 'quotaId': 'EmbedContentRequestsPerMinutePerUserPerProjectPerModel-FreeTier', 'quotaDimensions': {'location': 'global', 'model': 'gemini-embedding-1.0'}, 'quotaValue': '100'}]}, {'@type': 'type.googleapis.com/google.rpc.RetryInfo', 'retryDelay': '50s'}]}}

The above exception was the direct cause of the following exception:

Traceback (most recent call last):
  File "/Volumes/Data/Python/Hands-On-Guide-To-Modern-AI/19-Building-Chat-With-PDF-Project-using-RAG/index.py", line 24, in <module>
    vector_store = QdrantVectorStore.from_documents(
        documents=splitted_docs,
    ...<2 lines>...
        url=os.getenv("QDRANT_URL")
    )
  File "/Volumes/Data/Python/Hands-On-Guide-To-Modern-AI/.venv/lib/python3.14/site-packages/langchain_core/vectorstores/base.py", line 813, in from_documents
    return cls.from_texts(texts, embedding, metadatas=metadatas, **kwargs)
           ~~~~~~~~~~~~~~^^^^^^^^^^^^^^^^^^^^^^^^^^^^^^^^^^^^^^^^^^^^^^^^^
  File "/Volumes/Data/Python/Hands-On-Guide-To-Modern-AI/.venv/lib/python3.14/site-packages/langchain_qdrant/qdrant.py", line 430, in from_texts
    qdrant.add_texts(texts, metadatas, ids, batch_size)
    ~~~~~~~~~~~~~~~~^^^^^^^^^^^^^^^^^^^^^^^^^^^^^^^^^^^
  File "/Volumes/Data/Python/Hands-On-Guide-To-Modern-AI/.venv/lib/python3.14/site-packages/langchain_qdrant/qdrant.py", line 510, in add_texts
    for batch_ids, points in self._generate_batches(
                             ~~~~~~~~~~~~~~~~~~~~~~^
        texts, metadatas, ids, batch_size
        ^^^^^^^^^^^^^^^^^^^^^^^^^^^^^^^^^
    ):
    ^
  File "/Volumes/Data/Python/Hands-On-Guide-To-Modern-AI/.venv/lib/python3.14/site-packages/langchain_qdrant/qdrant.py", line 1060, in _generate_batches
    self._build_vectors(batch_texts),
    ~~~~~~~~~~~~~~~~~~~^^^^^^^^^^^^^
  File "/Volumes/Data/Python/Hands-On-Guide-To-Modern-AI/.venv/lib/python3.14/site-packages/langchain_qdrant/qdrant.py", line 1104, in _build_vectors
    batch_embeddings = embeddings.embed_documents(list(texts))
  File "/Volumes/Data/Python/Hands-On-Guide-To-Modern-AI/.venv/lib/python3.14/site-packages/langchain_google_genai/embeddings.py", line 439, in embed_documents
    raise GoogleGenerativeAIError(msg) from e
langchain_google_genai._common.GoogleGenerativeAIError: Error embedding content (RESOURCE_EXHAUSTED): 429 RESOURCE_EXHAUSTED. {'error': {'code': 429, 'message': 'You exceeded your current quota, please check your plan and billing details. For more information on this error, head to: https://ai.google.dev/gemini-api/docs/rate-limits. To monitor your current usage, head to: https://ai.dev/rate-limit. \n* Quota exceeded for metric: generativelanguage.googleapis.com/embed_content_free_tier_requests, limit: 100, model: gemini-embedding-1.0\nPlease retry in 50.771578497s.', 'status': 'RESOURCE_EXHAUSTED', 'details': [{'@type': 'type.googleapis.com/google.rpc.Help', 'links': [{'description': 'Learn more about Gemini API quotas', 'url': 'https://ai.google.dev/gemini-api/docs/rate-limits'}]}, {'@type': 'type.googleapis.com/google.rpc.QuotaFailure', 'violations': [{'quotaMetric': 'generativelanguage.googleapis.com/embed_content_free_tier_requests', 'quotaId': 'EmbedContentRequestsPerMinutePerUserPerProjectPerModel-FreeTier', 'quotaDimensions': {'location': 'global', 'model': 'gemini-embedding-1.0'}, 'quotaValue': '100'}]}, {'@type': 'type.googleapis.com/google.rpc.RetryInfo', 'retryDelay': '50s'}]}}
